Generated at 2018-10-08 02:00:14 +0000
SyntaxError: /home/vagrant/chef-repo/.chef/local-mode-cache/cache/cookbooks/motd_test/recipes/default.rb:12: syntax error, unexpected end-of-input, expecting keyword_end
/opt/chefdk/embedded/lib/ruby/gems/2.5.0/gems/chef-14.5.33/lib/chef/mixin/from_file.rb:34:in `instance_eval'
/opt/chefdk/embedded/lib/ruby/gems/2.5.0/gems/chef-14.5.33/lib/chef/mixin/from_file.rb:34:in `from_file'
/opt/chefdk/embedded/lib/ruby/gems/2.5.0/gems/chef-14.5.33/lib/chef/cookbook_version.rb:199:in `load_recipe'
/opt/chefdk/embedded/lib/ruby/gems/2.5.0/gems/chef-14.5.33/lib/chef/run_context.rb:350:in `load_recipe'
/opt/chefdk/embedded/lib/ruby/gems/2.5.0/gems/chef-14.5.33/lib/chef/run_context/cookbook_compiler.rb:166:in `block in compile_recipes'
/opt/chefdk/embedded/lib/ruby/gems/2.5.0/gems/chef-14.5.33/lib/chef/run_context/cookbook_compiler.rb:163:in `each'
/opt/chefdk/embedded/lib/ruby/gems/2.5.0/gems/chef-14.5.33/lib/chef/run_context/cookbook_compiler.rb:163:in `compile_recipes'
/opt/chefdk/embedded/lib/ruby/gems/2.5.0/gems/chef-14.5.33/lib/chef/run_context/cookbook_compiler.rb:79:in `compile'
/opt/chefdk/embedded/lib/ruby/gems/2.5.0/gems/chef-14.5.33/lib/chef/run_context.rb:199:in `load'
/opt/chefdk/embedded/lib/ruby/gems/2.5.0/gems/chef-14.5.33/lib/chef/policy_builder/expand_node_object.rb:97:in `setup_run_context'
/opt/chefdk/embedded/lib/ruby/gems/2.5.0/gems/chef-14.5.33/lib/chef/client.rb:515:in `setup_run_context'
/opt/chefdk/embedded/lib/ruby/gems/2.5.0/gems/chef-14.5.33/lib/chef/client.rb:281:in `run'
/opt/chefdk/embedded/lib/ruby/gems/2.5.0/gems/chef-14.5.33/lib/chef/application.rb:303:in `run_with_graceful_exit_option'
/opt/chefdk/embedded/lib/ruby/gems/2.5.0/gems/chef-14.5.33/lib/chef/application.rb:279:in `block in run_chef_client'
/opt/chefdk/embedded/lib/ruby/gems/2.5.0/gems/chef-14.5.33/lib/chef/local_mode.rb:44:in `with_server_connectivity'
/opt/chefdk/embedded/lib/ruby/gems/2.5.0/gems/chef-14.5.33/lib/chef/application.rb:261:in `run_chef_client'
/opt/chefdk/embedded/lib/ruby/gems/2.5.0/gems/chef-14.5.33/lib/chef/application/client.rb:440:in `run_application'
/opt/chefdk/embedded/lib/ruby/gems/2.5.0/gems/chef-14.5.33/lib/chef/application.rb:66:in `run'
/opt/chefdk/embedded/lib/ruby/gems/2.5.0/gems/chef-14.5.33/bin/chef-client:25:in `<top (required)>'
/bin/chef-client:293:in `load'
/bin/chef-client:293:in `<main>'